<?xml version="1.0" encoding="UTF-8"?>
<!-- Generated by org.testng.reporters.JUnitXMLReporter -->
<testsuite hostname="Ashwin-PC" name="Default test" tests="10" failures="0" timestamp="4 Oct 2014 07:21:41 GMT" time="0.331" errors="0">
  <testcase name="TestLoadingDictionaryFromFileLoadingTimeCheck" time="0.292" classname="wordChallenge.DictionaryTest"/>
  <testcase name="TestLookupWordsforInvalidnumbers" time="0.001" classname="wordChallenge.DictionaryTest"/>
  <testcase name="TestLookupWordsifMatchesCorrectly" time="0.0" classname="wordChallenge.DictionaryTest"/>
  <testcase name="TestLookupWordsifhandlesverylonginput" time="0.001" classname="wordChallenge.DictionaryTest"/>
  <testcase name="TestNullCheckFindWordsfromDict" time="0.003" classname="wordChallenge.DictionaryTest"/>
  <testcase name="TestPhonParserAddStringNullCheck" time="0.002" classname="wordChallenge.DictionaryTest"/>
  <testcase name="Testconver2KayPadNumbersFunctionalities" time="0.001" classname="wordChallenge.DictionaryTest"/>
  <testcase name="TestfindWordCombinationsIterativelyfortiming" time="0.002" classname="wordChallenge.DictionaryTest"/>
  <testcase name="TestfindWordForcornerCasesof10" time="0.001" classname="wordChallenge.DictionaryTest"/>
  <testcase name="testAdd2Dictionary" time="0.001" classname="wordChallenge.DictionaryTest"/>
</testsuite> <!-- Default test -->
